<?xml version="1.0" encoding="UTF-8"?>
<!-- Generated by org.testng.reporters.JUnitReportReporter -->
<testsuite hostname="hi-PC" failures="0" tests="10" name="freecrm.Checking" time="161.646" errors="0" timestamp="2020-12-01T09:57:05 IST" skipped="0">
  <testcase classname="freecrm.Checking" name="addContactfail" time="17.560"/>
  <system-out/>
  <testcase classname="freecrm.Checking" name="addTaskfail" time="18.446"/>
  <system-out/>
  <testcase classname="freecrm.Checking" name="loginfail" time="15.508"/>
  <system-out/>
  <testcase classname="freecrm.Checking" name="addDealsuccess" time="16.486"/>
  <system-out/>
  <testcase classname="freecrm.Checking" name="addContactsuccess" time="19.127"/>
  <system-out/>
  <testcase classname="freecrm.Checking" name="addDealfail" time="17.058"/>
  <system-out/>
  <testcase classname="freecrm.Checking" name="addTasksuccess" time="16.747"/>
  <system-out/>
  <testcase classname="freecrm.Checking" name="viewCal" time="14.803"/>
  <system-out/>
  <testcase classname="freecrm.Checking" name="loginfail2" time="14.161"/>
  <system-out/>
  <testcase classname="freecrm.Checking" name="loginSuccess" time="11.750"/>
  <system-out/>
</testsuite> <!-- freecrm.Checking -->
