<?xml version="1.0" encoding="UTF-8"?>
<!-- Generated by org.testng.reporters.JUnitReportReporter -->
<testsuite hostname="hi-PC" failures="0" tests="1" name="runner.Runner" time="392.666" errors="0" timestamp="2020-12-02T23:21:58 IST" skipped="0">
  <testcase classname="runner.Runner" name="feature" time="392.666"/>
  <system-out/>
</testsuite> <!-- runner.Runner -->
